Exporter version: 2.93.5, Blender version: 3.0.0
========= Conversion from Blender to Babylon.js =========
	Scene settings used :
		Inline textures     :  false
		Material Type       :  PBR
		Positions Precision :  4
		Normals Precision   :  3
		UVs Precision       :  3
		Vert Color Precision:  3
		Mat Weight Precision:  2
		Keep Z-up r-handed  :  no
		Texture directory   :  C:\Users\Caroline Jacomini\Documents\KOSMOS\CENA_TUTORIAL\correction_v9\
	Python World class constructor completed
	WARNING: No active camera has been assigned, or is not in a currently enabled collection
	processing begun of mesh:  obj_counter
		processing begun of material:  m_color_1
		processing begun of material:  m_kosmos_purple
		processing begun of material:  m_glass
		processing begun of material:  m_sideglass
			processing texture t_kosmos_purple
				texture type:  diffuseTexture, mapped using: "UVMap"
			processing texture t_kosmos_purple
				texture type:  emissiveTexture, mapped using: "UVMap"
		processing begun of multimaterial:  cena_tutorial_v10.Multimaterial#0
		num positions      :  164
		num normals        :  164
		num tangents       :  0
		num uvs            :  328
		num uvs2           :  0
		num colors         :  0
		num triangles      :  66
	processing begun of mesh:  art_logo_1
		processing begun of material:  m_logok
			processing texture t_logokosmos
				texture type:  diffuseTexture, mapped using: "UVMap"
			processing texture t_logokosmos
				texture type:  emissiveTexture, mapped using: "UVMap"
		num positions      :  4
		num normals        :  4
		num tangents       :  0
		num uvs            :  8
		num uvs2           :  0
		num colors         :  0
		num triangles      :  2
	processing begun of mesh:  art_logo_2
		processing begun of material:  m_logok
		registered as also a user of material:  m_logok
		num positions      :  4
		num normals        :  4
		num tangents       :  0
		num uvs            :  8
		num uvs2           :  0
		num colors         :  0
		num triangles      :  2
	processing begun of mesh:  art_logo_3
		processing begun of material:  m_kosmosext
			processing texture t_logoextend
				texture type:  diffuseTexture, mapped using: "UVMap"
			processing texture t_logoextend
				texture type:  emissiveTexture, mapped using: "UVMap"
		num positions      :  4
		num normals        :  4
		num tangents       :  0
		num uvs            :  8
		num uvs2           :  0
		num colors         :  0
		num triangles      :  2
	processing begun of mesh:  obj_wallstand_2
		processing begun of material:  m_color_1
		processing begun of material:  m_kosmos_purple
		registered as also a user of material:  m_color_1
		registered as also a user of material:  m_kosmos_purple
		processing begun of multimaterial:  cena_tutorial_v10.Multimaterial#1
		num positions      :  227
		num normals        :  227
		num tangents       :  0
		num uvs            :  454
		num uvs2           :  0
		num colors         :  0
		num triangles      :  110
	processing begun of mesh:  obj_floorstand_2
		processing begun of material:  m_kosmos_purple
		registered as also a user of material:  m_kosmos_purple
		num positions      :  18
		num normals        :  18
		num tangents       :  0
		num uvs            :  36
		num uvs2           :  0
		num colors         :  0
		num triangles      :  18
	processing begun of mesh:  art_card_1
		processing begun of material:  m_card_1
			processing texture t_cartao
				texture type:  diffuseTexture, mapped using: "UVMap"
			processing texture t_cartao
				texture type:  emissiveTexture, mapped using: "UVMap"
		num positions      :  8
		num normals        :  8
		num tangents       :  0
		num uvs            :  16
		num uvs2           :  0
		num colors         :  0
		num triangles      :  4
	processing begun of mesh:  obj_suportcard
		processing begun of material:  m_metal
			processing texture t_dirtymetal
				texture type:  diffuseTexture, mapped using: "UVMap"
		num positions      :  147
		num normals        :  147
		num tangents       :  0
		num uvs            :  294
		num uvs2           :  0
		num colors         :  0
		num triangles      :  76
	processing begun of mesh:  art_card_small_1
		processing begun of material:  m_card_1
		registered as also a user of material:  m_card_1
		num positions      :  32
		num normals        :  32
		num tangents       :  0
		num uvs            :  64
		num uvs2           :  0
		num colors         :  0
		num triangles      :  16
	processing begun of mesh:  obj_paper1_1
		processing begun of material:  m_paper_1
			processing texture t_paper
				texture type:  diffuseTexture, mapped using: "UVMap"
		num positions      :  8
		num normals        :  8
		num tangents       :  0
		num uvs            :  16
		num uvs2           :  0
		num colors         :  0
		num triangles      :  4
	processing begun of mesh:  obj_paper2_1
		processing begun of material:  m_paper2
			processing texture t_paper2
				texture type:  diffuseTexture, mapped using: "UVMap"
		num positions      :  49
		num normals        :  49
		num tangents       :  0
		num uvs            :  98
		num uvs2           :  0
		num colors         :  0
		num triangles      :  30
	processing begun of mesh:  obj_chair_kosmos_1
		processing begun of material:  m_chairkosmos
			processing texture t_chair_n
				texture type:  bumpTexture, mapped using: "UVMap"
			processing texture t_chairpurple
				texture type:  diffuseTexture, mapped using: "UVMap"
		num positions      :  1365
		num normals        :  1365
		num tangents       :  0
		num uvs            :  2730
		num uvs2           :  0
		num colors         :  0
		num triangles      :  1804
	processing begun of mesh:  obj_chair_kosmos_2
		mesh is an instance of :  obj_chair_kosmos_1.  Processing halted.
	processing begun of mesh:  obj_chair_kosmos_3
		mesh is an instance of :  obj_chair_kosmos_1.  Processing halted.
	processing begun of mesh:  art_pdf_1
		processing begun of material:  m_pdf_1
			processing texture t_pdf
				texture type:  diffuseTexture, mapped using: "UVMap"
			processing texture t_pdf
				texture type:  emissiveTexture, mapped using: "UVMap"
		num positions      :  8
		num normals        :  8
		num tangents       :  0
		num uvs            :  16
		num uvs2           :  0
		num colors         :  0
		num triangles      :  4
	processing begun of mesh:  obj_paperholder_1
		processing begun of material:  m_glass2
		num positions      :  458
		num normals        :  458
		num tangents       :  0
		num uvs            :  916
		num uvs2           :  0
		num colors         :  0
		num triangles      :  212
	processing begun of mesh:  obj_paper_1
		processing begun of material:  m.paperpdf
		num positions      :  214
		num normals        :  214
		num tangents       :  0
		num uvs            :  428
		num uvs2           :  0
		num colors         :  0
		num triangles      :  98
	processing begun of mesh:  obj_table_1
		processing begun of material:  m_glass
		processing begun of material:  m_sideglass
		registered as also a user of material:  m_glass
		registered as also a user of material:  m_sideglass
		processing begun of multimaterial:  cena_tutorial_v10.Multimaterial#2
		num positions      :  32
		num normals        :  32
		num tangents       :  0
		num uvs            :  64
		num uvs2           :  0
		num colors         :  0
		num triangles      :  12
	processing begun of mesh:  obj_tablesup_1
		processing begun of material:  m_metal
		registered as also a user of material:  m_metal
		num positions      :  203
		num normals        :  203
		num tangents       :  0
		num uvs            :  406
		num uvs2           :  0
		num colors         :  0
		num triangles      :  88
	processing begun of mesh:  obj_tablecommon_1
		processing begun of material:  m_tablecommon_b
			processing texture t_tablecommon_b
				texture type:  diffuseTexture, mapped using: "UVMap"
		num positions      :  1220
		num normals        :  1220
		num tangents       :  0
		num uvs            :  2440
		num uvs2           :  0
		num colors         :  0
		num triangles      :  1032
	processing begun of mesh:  obj_tablet_1
		processing begun of material:  m_black
		processing begun of material:  m_chrome
		processing begun of multimaterial:  cena_tutorial_v10.Multimaterial#3
		num positions      :  632
		num normals        :  632
		num tangents       :  0
		num uvs            :  1264
		num uvs2           :  0
		num colors         :  0
		num triangles      :  272
		WARNING: # of 0 area faces found:  4
	processing begun of mesh:  art_chat_1
		processing begun of material:  m_chat
			processing texture t_chat
				texture type:  diffuseTexture, mapped using: "UVMap"
			processing texture t_chat
				texture type:  emissiveTexture, mapped using: "UVMap"
		num positions      :  4
		num normals        :  4
		num tangents       :  0
		num uvs            :  8
		num uvs2           :  0
		num colors         :  0
		num triangles      :  2
	processing begun of mesh:  obj_floorstand_5
		processing begun of material:  m_kosmos_purple
		registered as also a user of material:  m_kosmos_purple
		num positions      :  8
		num normals        :  8
		num tangents       :  0
		num uvs            :  16
		num uvs2           :  0
		num colors         :  0
		num triangles      :  6
	processing begun of mesh:  obj_table_2
		processing begun of material:  m_glass
		processing begun of material:  m_sideglass
		registered as also a user of material:  m_glass
		registered as also a user of material:  m_sideglass
		processing begun of multimaterial:  cena_tutorial_v10.Multimaterial#4
		num positions      :  32
		num normals        :  32
		num tangents       :  0
		num uvs            :  64
		num uvs2           :  0
		num colors         :  0
		num triangles      :  12
	processing begun of mesh:  obj_tablesup_2
		processing begun of material:  m_metal
		registered as also a user of material:  m_metal
		num positions      :  200
		num normals        :  200
		num tangents       :  0
		num uvs            :  400
		num uvs2           :  0
		num colors         :  0
		num triangles      :  88
	processing begun of mesh:  obj_chair_kosmos_4
		mesh is an instance of :  obj_chair_kosmos_1.  Processing halted.
	processing begun of mesh:  obj_cup_1
		processing begun of material:  m_ceramic
		num positions      :  210
		num normals        :  210
		num tangents       :  0
		num uvs            :  420
		num uvs2           :  0
		num colors         :  0
		num triangles      :  410
	processing begun of mesh:  obj_cup_2
		mesh is an instance of :  obj_cup_1.  Processing halted.
	processing begun of mesh:  obj_laptop_2
		processing begun of material:  m_chrome
		processing begun of material:  m_black
		processing begun of material:  m_keyboard
		registered as also a user of material:  m_chrome
		registered as also a user of material:  m_black
			processing texture t_keyboard
				texture type:  diffuseTexture, mapped using: "UVMap"
		processing begun of multimaterial:  cena_tutorial_v10.Multimaterial#5
		num positions      :  1680
		num normals        :  1680
		num tangents       :  0
		num uvs            :  3360
		num uvs2           :  0
		num colors         :  0
		num triangles      :  1240
	processing begun of mesh:  art_link_1
		processing begun of material:  m_linksite
			processing texture t_link
				texture type:  diffuseTexture, mapped using: "UVMap"
			processing texture t_link
				texture type:  emissiveTexture, mapped using: "UVMap"
		num positions      :  4
		num normals        :  4
		num tangents       :  0
		num uvs            :  8
		num uvs2           :  0
		num colors         :  0
		num triangles      :  2
	processing begun of mesh:  obj_wallstand_3
		processing begun of material:  m_color_1
		processing begun of material:  m_kosmos_purple
		registered as also a user of material:  m_color_1
		registered as also a user of material:  m_kosmos_purple
		processing begun of multimaterial:  cena_tutorial_v10.Multimaterial#6
		num positions      :  145
		num normals        :  145
		num tangents       :  0
		num uvs            :  290
		num uvs2           :  0
		num colors         :  0
		num triangles      :  66
	processing begun of mesh:  obj_floorstand_3
		processing begun of material:  m_kosmos_purple
		registered as also a user of material:  m_kosmos_purple
		num positions      :  9
		num normals        :  9
		num tangents       :  0
		num uvs            :  18
		num uvs2           :  0
		num colors         :  0
		num triangles      :  8
	processing begun of mesh:  obj_wallstand_1
		processing begun of material:  m_color_1
		processing begun of material:  m_kosmos_purple
		registered as also a user of material:  m_color_1
		registered as also a user of material:  m_kosmos_purple
		processing begun of multimaterial:  cena_tutorial_v10.Multimaterial#7
		num positions      :  130
		num normals        :  130
		num tangents       :  0
		num uvs            :  260
		num uvs2           :  0
		num colors         :  0
		num triangles      :  60
	processing begun of mesh:  obj_tv_1
		processing begun of material:  m_metal
		registered as also a user of material:  m_metal
		num positions      :  84
		num normals        :  84
		num tangents       :  0
		num uvs            :  168
		num uvs2           :  0
		num colors         :  0
		num triangles      :  34
	processing begun of mesh:  art_video_1
		processing begun of material:  m_video_1
			processing texture t_videostand
				texture type:  diffuseTexture, mapped using: "UVMap"
			processing texture t_videostand
				texture type:  emissiveTexture, mapped using: "UVMap"
		num positions      :  4
		num normals        :  4
		num tangents       :  0
		num uvs            :  8
		num uvs2           :  0
		num colors         :  0
		num triangles      :  2
	processing begun of mesh:  obj_sofa_1
		processing begun of material:  m_fabric
			processing texture t_fabric_n
				texture type:  bumpTexture, mapped using: "UVMap"
			processing texture t_fabric
				texture type:  diffuseTexture, mapped using: "UVMap"
		num positions      :  416
		num normals        :  416
		num tangents       :  0
		num uvs            :  832
		num uvs2           :  0
		num colors         :  0
		num triangles      :  376
	processing begun of mesh:  obj_sofabase_1
		processing begun of material:  m_metal
		registered as also a user of material:  m_metal
		num positions      :  112
		num normals        :  112
		num tangents       :  0
		num uvs            :  224
		num uvs2           :  0
		num colors         :  0
		num triangles      :  224
	processing begun of mesh:  obj_sofabase_2
		processing begun of material:  m_metal
		registered as also a user of material:  m_metal
		num positions      :  448
		num normals        :  448
		num tangents       :  0
		num uvs            :  896
		num uvs2           :  0
		num colors         :  0
		num triangles      :  224
	processing begun of mesh:  obj_sofa_3
		mesh is an instance of :  obj_sofa_1.  Processing halted.
	processing begun of mesh:  obj_sofa_2
		mesh is an instance of :  obj_sofa_1.  Processing halted.
	processing begun of mesh:  obj_floorstand_1
		processing begun of material:  m_kosmos_purple
		registered as also a user of material:  m_kosmos_purple
		num positions      :  10
		num normals        :  10
		num tangents       :  0
		num uvs            :  20
		num uvs2           :  0
		num colors         :  0
		num triangles      :  8
	processing begun of mesh:  obj_loot
		WARNING: No materials have been assigned: 
		num positions      :  117
		num normals        :  117
		num tangents       :  0
		num uvs            :  234
		num uvs2           :  0
		num colors         :  0
		num triangles      :  70
	processing begun of mesh:  btn_tutorial
		processing begun of material:  m_buttontutorial
			processing texture t_btn_tutorial
				texture type:  diffuseTexture, mapped using: "UVMap"
			processing texture t_btn_tutorial
				texture type:  emissiveTexture, mapped using: "UVMap"
		num positions      :  4
		num normals        :  4
		num tangents       :  0
		num uvs            :  8
		num uvs2           :  0
		num colors         :  0
		num triangles      :  2
	processing begun of mesh:  obj_wallmetal_2
		processing begun of material:  m_wallmetal
			processing texture t_metalbars
				texture type:  diffuseTexture, mapped using: "UVMap"
		num positions      :  222
		num normals        :  222
		num tangents       :  0
		num uvs            :  444
		num uvs2           :  0
		num colors         :  0
		num triangles      :  206
	processing begun of mesh:  col_wall_auditorium
		processing begun of material:  m_collisionwall
		num positions      :  84
		num normals        :  84
		num tangents       :  0
		num uvs            :  168
		num uvs2           :  0
		num colors         :  0
		num triangles      :  32
	processing begun of mesh:  col_wall_pavilion
		processing begun of material:  m_collisionwall
		registered as also a user of material:  m_collisionwall
		num positions      :  141
		num normals        :  141
		num tangents       :  0
		num uvs            :  282
		num uvs2           :  0
		num colors         :  0
		num triangles      :  56
	processing begun of mesh:  col_wall_start
		processing begun of material:  m_collisionwall
		registered as also a user of material:  m_collisionwall
		num positions      :  251
		num normals        :  251
		num tangents       :  0
		num uvs            :  502
		num uvs2           :  0
		num colors         :  0
		num triangles      :  96
	processing begun of mesh:  col_wall_walk
		processing begun of material:  m_collisionwall
		registered as also a user of material:  m_collisionwall
		num positions      :  4
		num normals        :  4
		num tangents       :  0
		num uvs            :  8
		num uvs2           :  0
		num colors         :  0
		num triangles      :  2
	processing begun of mesh:  col_tel_start
		processing begun of material:  m_teleport
		num positions      :  3
		num normals        :  3
		num tangents       :  0
		num uvs            :  6
		num uvs2           :  0
		num colors         :  0
		num triangles      :  1
	processing begun of mesh:  col_trg_stand_1
		processing begun of material:  m_collisionbutton
		num positions      :  4
		num normals        :  4
		num tangents       :  0
		num uvs            :  8
		num uvs2           :  0
		num colors         :  0
		num triangles      :  2
	processing begun of mesh:  col_tel_stand_1
		processing begun of material:  m_teleport
		registered as also a user of material:  m_teleport
		num positions      :  3
		num normals        :  3
		num tangents       :  0
		num uvs            :  6
		num uvs2           :  0
		num colors         :  0
		num triangles      :  1
	processing begun of mesh:  col_floor_start
		processing begun of material:  m_collisionfloor
		num positions      :  30
		num normals        :  30
		num tangents       :  0
		num uvs            :  60
		num uvs2           :  0
		num colors         :  0
		num triangles      :  34
		WARNING: # of 0 area faces found:  1
	processing begun of mesh:  col_floor_pavilion
		processing begun of material:  m_collisionfloor
		registered as also a user of material:  m_collisionfloor
		num positions      :  79
		num normals        :  79
		num tangents       :  0
		num uvs            :  158
		num uvs2           :  0
		num colors         :  0
		num triangles      :  133
	processing begun of mesh:  col_tel_pavilion
		processing begun of material:  m_teleport
		registered as also a user of material:  m_teleport
		num positions      :  3
		num normals        :  3
		num tangents       :  0
		num uvs            :  6
		num uvs2           :  0
		num colors         :  0
		num triangles      :  1
	processing begun of mesh:  obj_fullcube_an_4
		processing begun of material:  m_fullcube
		processing begun of material:  m_led_side
			processing texture t_fullcube
				texture type:  diffuseTexture, mapped using: "UVMap"
			processing texture t_fullcube
				texture type:  emissiveTexture, mapped using: "UVMap"
			processing texture t_colorled
				texture type:  diffuseTexture, mapped using: "UVMap"
			processing texture t_colorled
				texture type:  emissiveTexture, mapped using: "UVMap"
		processing begun of multimaterial:  cena_tutorial_v10.Multimaterial#8
		num positions      :  120
		num normals        :  120
		num tangents       :  0
		num uvs            :  240
		num uvs2           :  0
		num colors         :  0
		num triangles      :  44
	processing begun of mesh:  obj_mediumcube_1_1
		processing begun of material:  m_mediumcube
		processing begun of material:  m_led_side
			processing texture t_mediumcube
				texture type:  diffuseTexture, mapped using: "UVMap"
			processing texture t_mediumcube
				texture type:  emissiveTexture, mapped using: "UVMap"
		registered as also a user of material:  m_led_side
		processing begun of multimaterial:  cena_tutorial_v10.Multimaterial#9
		num positions      :  120
		num normals        :  120
		num tangents       :  0
		num uvs            :  240
		num uvs2           :  0
		num colors         :  0
		num triangles      :  44
	processing begun of mesh:  arw_3
		processing begun of material:  m_arrowrot
			processing texture t_arrow_pink
				texture type:  diffuseTexture, mapped using: "UVMap"
			processing texture t_arrow_pink
				texture type:  emissiveTexture, mapped using: "UVMap"
		num positions      :  4
		num normals        :  4
		num tangents       :  0
		num uvs            :  8
		num uvs2           :  0
		num colors         :  0
		num triangles      :  2
	processing begun of mesh:  arw_4
		processing begun of material:  m_arrowrot
		registered as also a user of material:  m_arrowrot
		num positions      :  4
		num normals        :  4
		num tangents       :  0
		num uvs            :  8
		num uvs2           :  0
		num colors         :  0
		num triangles      :  2
	processing begun of mesh:  arw_5
		processing begun of material:  m_arrowrot
		registered as also a user of material:  m_arrowrot
		num positions      :  4
		num normals        :  4
		num tangents       :  0
		num uvs            :  8
		num uvs2           :  0
		num colors         :  0
		num triangles      :  2
	processing begun of mesh:  arw_6
		processing begun of material:  m_arrowrot
		registered as also a user of material:  m_arrowrot
		num positions      :  4
		num normals        :  4
		num tangents       :  0
		num uvs            :  8
		num uvs2           :  0
		num colors         :  0
		num triangles      :  2
	processing begun of mesh:  arw_7
		processing begun of material:  m_arrowrot
		registered as also a user of material:  m_arrowrot
		num positions      :  4
		num normals        :  4
		num tangents       :  0
		num uvs            :  8
		num uvs2           :  0
		num colors         :  0
		num triangles      :  2
	processing begun of mesh:  arw_8
		processing begun of material:  m_arrowrot
		registered as also a user of material:  m_arrowrot
		num positions      :  4
		num normals        :  4
		num tangents       :  0
		num uvs            :  8
		num uvs2           :  0
		num colors         :  0
		num triangles      :  2
	processing begun of mesh:  arw_9
		processing begun of material:  m_arrowrot
		registered as also a user of material:  m_arrowrot
		num positions      :  4
		num normals        :  4
		num tangents       :  0
		num uvs            :  8
		num uvs2           :  0
		num colors         :  0
		num triangles      :  2
	processing begun of mesh:  obj_portal_4
		processing begun of material:  m_lightled
			processing texture t_logocircle
				texture type:  diffuseTexture, mapped using: "UVMap"
			processing texture t_logocircle
				texture type:  emissiveTexture, mapped using: "UVMap"
		WARNING: Basis key missing, shape-key processing NOT performed
		num positions      :  64
		num normals        :  64
		num tangents       :  0
		num uvs            :  128
		num uvs2           :  0
		num colors         :  0
		num triangles      :  62
	processing begun of mesh:  obj_corner_2
		processing begun of material:  m_glasstunel
			processing texture t_metalbars
				texture type:  diffuseTexture, mapped using: "UVMap"
		num positions      :  200
		num normals        :  200
		num tangents       :  0
		num uvs            :  400
		num uvs2           :  0
		num colors         :  0
		num triangles      :  256
	processing begun of mesh:  obj_corner_3
		processing begun of material:  m_glasstunel
		registered as also a user of material:  m_glasstunel
		num positions      :  265
		num normals        :  265
		num tangents       :  0
		num uvs            :  530
		num uvs2           :  0
		num colors         :  0
		num triangles      :  286
	processing begun of mesh:  obj_tunelwide
		processing begun of material:  m_glasstunel
		registered as also a user of material:  m_glasstunel
		num positions      :  198
		num normals        :  198
		num tangents       :  0
		num uvs            :  396
		num uvs2           :  0
		num colors         :  0
		num triangles      :  128
	processing begun of mesh:  obj_tunel_8
		processing begun of material:  m_glasstunel
		registered as also a user of material:  m_glasstunel
		num positions      :  70
		num normals        :  70
		num tangents       :  0
		num uvs            :  140
		num uvs2           :  0
		num colors         :  0
		num triangles      :  64
	processing begun of mesh:  obj_tunel_9
		mesh is an instance of :  obj_tunel_8.  Processing halted.
	processing begun of mesh:  obj_loop_23
		processing begun of material:  m_dmetal
			processing texture t_block
				texture type:  diffuseTexture, mapped using: "UVMap"
		num positions      :  515
		num normals        :  515
		num tangents       :  0
		num uvs            :  1030
		num uvs2           :  0
		num colors         :  0
		num triangles      :  256
	processing begun of mesh:  obj_loop_24
		mesh is an instance of :  obj_loop_23.  Processing halted.
	processing begun of mesh:  obj_loop_25
		mesh is an instance of :  obj_loop_23.  Processing halted.
	processing begun of mesh:  obj_loop_26
		mesh is an instance of :  obj_loop_23.  Processing halted.
	processing begun of mesh:  obj_loop_27
		mesh is an instance of :  obj_loop_23.  Processing halted.
	processing begun of mesh:  obj_loop_28
		mesh is an instance of :  obj_loop_23.  Processing halted.
	processing begun of mesh:  obj_loop_29
		mesh is an instance of :  obj_loop_23.  Processing halted.
	processing begun of mesh:  obj_loop_30
		mesh is an instance of :  obj_loop_23.  Processing halted.
	processing begun of mesh:  obj_loop_31
		mesh is an instance of :  obj_loop_23.  Processing halted.
	processing begun of mesh:  obj_loop_32
		mesh is an instance of :  obj_loop_23.  Processing halted.
	processing begun of mesh:  obj_loopwide_1
		processing begun of material:  m_dmetal
		registered as also a user of material:  m_dmetal
		num positions      :  554
		num normals        :  554
		num tangents       :  0
		num uvs            :  1108
		num uvs2           :  0
		num colors         :  0
		num triangles      :  256
	processing begun of mesh:  obj_loopwide_2
		mesh is an instance of :  obj_loopwide_1.  Processing halted.
	processing begun of mesh:  obj_roof_2
		processing begun of material:  m_whitebox
			processing texture t_whitebox_kosmos
				texture type:  diffuseTexture, mapped using: "UVMap"
			processing texture t_whitebox_kosmos_op
				texture type:  emissiveTexture, mapped using: "UVMap"
		num positions      :  16
		num normals        :  16
		num tangents       :  0
		num uvs            :  32
		num uvs2           :  0
		num colors         :  0
		num triangles      :  16
	processing begun of mesh:  obj_ceiling_2
		processing begun of material:  m_white
			processing texture t_dirtymetal
				texture type:  value not meaningful 2, mapped using: "UVMap"
		num positions      :  286
		num normals        :  286
		num tangents       :  0
		num uvs            :  572
		num uvs2           :  0
		num colors         :  0
		num triangles      :  392
	processing begun of mesh:  obj_floor_2
		processing begun of material:  m_whitebox
		registered as also a user of material:  m_whitebox
		num positions      :  123
		num normals        :  123
		num tangents       :  0
		num uvs            :  246
		num uvs2           :  0
		num colors         :  0
		num triangles      :  56
	processing begun of mesh:  obj_glowboxes_2
		processing begun of material:  m_led_side
		registered as also a user of material:  m_led_side
		num positions      :  264
		num normals        :  264
		num tangents       :  0
		num uvs            :  528
		num uvs2           :  0
		num colors         :  0
		num triangles      :  112
	processing begun of mesh:  obj_floormarble_2
		processing begun of material:  m_floormarble
		processing begun of material:  m_whitebox
			processing texture t_marble_n
				texture type:  bumpTexture, mapped using: "UVMap"
			processing texture t_marblegrey
				texture type:  diffuseTexture, mapped using: "UVMap"
		registered as also a user of material:  m_whitebox
		processing begun of multimaterial:  cena_tutorial_v10.Multimaterial#10
		num positions      :  296
		num normals        :  296
		num tangents       :  0
		num uvs            :  592
		num uvs2           :  0
		num colors         :  0
		num triangles      :  362
	processing begun of mesh:  obj_mediumcube_3
		processing begun of material:  m_mediumcube
		processing begun of material:  m_led_side
		registered as also a user of material:  m_mediumcube
		registered as also a user of material:  m_led_side
		processing begun of multimaterial:  cena_tutorial_v10.Multimaterial#11
		num positions      :  120
		num normals        :  120
		num tangents       :  0
		num uvs            :  240
		num uvs2           :  0
		num colors         :  0
		num triangles      :  44
	processing begun of mesh:  obj_mediumcube_2
		mesh is an instance of :  obj_mediumcube_3.  Processing halted.
	processing begun of mesh:  obj_smallcube_46
		processing begun of material:  m_led_side
		processing begun of material:  m_mediumcube
		registered as also a user of material:  m_led_side
		registered as also a user of material:  m_mediumcube
		processing begun of multimaterial:  cena_tutorial_v10.Multimaterial#12
		num positions      :  132
		num normals        :  132
		num tangents       :  0
		num uvs            :  264
		num uvs2           :  0
		num colors         :  0
		num triangles      :  44
	processing begun of mesh:  col_floor_auditorium
		processing begun of material:  m_collisionfloor
		registered as also a user of material:  m_collisionfloor
		num positions      :  4
		num normals        :  4
		num tangents       :  0
		num uvs            :  8
		num uvs2           :  0
		num colors         :  0
		num triangles      :  2
========= Writing of JSON file started =========
	writing mesh:  obj_counter
	writing mesh:  art_logo_1
	writing mesh:  art_logo_2
	writing mesh:  art_logo_3
	writing mesh:  obj_wallstand_2
	writing mesh:  obj_floorstand_2
	writing mesh:  art_card_1
	writing mesh:  obj_suportcard
	writing mesh:  art_card_small_1
	writing mesh:  obj_paper1_1
	writing mesh:  obj_paper2_1
	writing mesh:  obj_chair_kosmos_1
	writing mesh:  art_pdf_1
	writing mesh:  obj_paperholder_1
	writing mesh:  obj_paper_1
	writing mesh:  obj_table_1
	writing mesh:  obj_tablesup_1
	writing mesh:  obj_tablecommon_1
	writing mesh:  obj_tablet_1
	writing mesh:  art_chat_1
	writing mesh:  obj_floorstand_5
	writing mesh:  obj_table_2
	writing mesh:  obj_tablesup_2
	writing mesh:  obj_cup_1
	writing mesh:  obj_laptop_2
	writing mesh:  art_link_1
	writing mesh:  obj_wallstand_3
	writing mesh:  obj_floorstand_3
	writing mesh:  obj_wallstand_1
	writing mesh:  obj_tv_1
	writing mesh:  art_video_1
	writing mesh:  obj_sofa_1
	writing mesh:  obj_sofabase_1
	writing mesh:  obj_sofabase_2
	writing mesh:  obj_floorstand_1
	writing mesh:  obj_loot
	writing mesh:  btn_tutorial
	writing mesh:  obj_wallmetal_2
	writing mesh:  col_wall_auditorium
	writing mesh:  col_wall_pavilion
	writing mesh:  col_wall_start
	writing mesh:  col_wall_walk
	writing mesh:  col_tel_start
	writing mesh:  col_trg_stand_1
	writing mesh:  col_tel_stand_1
	writing mesh:  col_floor_start
	writing mesh:  col_floor_pavilion
	writing mesh:  col_tel_pavilion
	writing mesh:  obj_fullcube_an_4
	writing mesh:  obj_mediumcube_1_1
	writing mesh:  arw_3
	writing mesh:  arw_4
	writing mesh:  arw_5
	writing mesh:  arw_6
	writing mesh:  arw_7
	writing mesh:  arw_8
	writing mesh:  arw_9
	writing mesh:  obj_portal_4
	writing mesh:  obj_corner_2
	writing mesh:  obj_corner_3
	writing mesh:  obj_tunelwide
	writing mesh:  obj_tunel_8
	writing mesh:  obj_loop_23
	writing mesh:  obj_loopwide_1
	writing mesh:  obj_roof_2
	writing mesh:  obj_ceiling_2
	writing mesh:  obj_floor_2
	writing mesh:  obj_glowboxes_2
	writing mesh:  obj_floormarble_2
	writing mesh:  obj_mediumcube_3
	writing mesh:  obj_smallcube_46
	writing mesh:  col_floor_auditorium
========= Writing of JSON file completed =========
========= end of processing =========
elapsed time:  0 min, 0.6556 secs
